  Window.cpp
  Windows-TestMain.cpp
  Generating Code...
Window.obj : error LNK2019: unresolved external symbol __imp__glClear@4 referenced in function "public: void __thiscall gui::Window::clear(void)" (?clear@Window@gui@@QAEXXZ)
Window.obj : error LNK2019: unresolved external symbol _glfwTerminate referenced in function "public: __thiscall gui::Window::Window(char const *,int const &,int const &)" (??0Window@gui@@QAE@PBDABH1@Z)
Window.obj : error LNK2019: unresolved external symbol _glfwCreateWindow referenced in function "public: __thiscall gui::Window::Window(char const *,int const &,int const &)" (??0Window@gui@@QAE@PBDABH1@Z)
Window.obj : error LNK2019: unresolved external symbol _glfwDestroyWindow referenced in function "public: __thiscall gui::Window::~Window(void)" (??1Window@gui@@QAE@XZ)
Window.obj : error LNK2019: unresolved external symbol _glfwWindowShouldClose referenced in function "public: bool __thiscall gui::Window::windowShouldClose(void)" (?windowShouldClose@Window@gui@@QAE_NXZ)
Window.obj : error LNK2019: unresolved external symbol _glfwSetWindowUserPointer referenced in function "public: __thiscall gui::Window::Window(char const *,int const &,int const &)" (??0Window@gui@@QAE@PBDABH1@Z)
Window.obj : error LNK2019: unresolved external symbol _glfwPollEvents referenced in function "public: void __thiscall gui::Window::update(void)" (?update@Window@gui@@QAEXXZ)
Window.obj : error LNK2019: unresolved external symbol _glfwMakeContextCurrent referenced in function "public: __thiscall gui::Window::Window(char const *,int const &,int const &)" (??0Window@gui@@QAE@PBDABH1@Z)
Window.obj : error LNK2019: unresolved external symbol _glfwSwapBuffers referenced in function "public: void __thiscall gui::Window::update(void)" (?update@Window@gui@@QAEXXZ)
Windows-TestMain.obj : error LNK2019: unresolved external symbol __imp__glewInit@0 referenced in function _main
Windows-TestMain.obj : error LNK2019: unresolved external symbol _glfwInit referenced in function _main
Windows-TestMain.obj : error LNK2019: unresolved external symbol _glfwSetErrorCallback referenced in function _main
Windows-TestMain.obj : error LNK2019: unresolved external symbol _glfwSetWindowShouldClose referenced in function "void __cdecl key_callback(struct GLFWwindow *,int,int,int,int)" (?key_callback@@YAXPAUGLFWwindow@@HHHH@Z)
Windows-TestMain.obj : error LNK2019: unresolved external symbol _glfwGetWindowUserPointer referenced in function "void __cdecl key_callback(struct GLFWwindow *,int,int,int,int)" (?key_callback@@YAXPAUGLFWwindow@@HHHH@Z)
Windows-TestMain.obj : error LNK2019: unresolved external symbol _glfwSetKeyCallback referenced in function _main
MSVCRTD.lib(exe_winmain.obj) : error LNK2019: unresolved external symbol _WinMain@16 referenced in function "int __cdecl invoke_main(void)" (?invoke_main@@YAHXZ)
F:\Dev\Voder2017\Windows-Depends\lib\glew32.lib : warning LNK4272: library machine type 'x64' conflicts with target machine type 'x86'
F:\Dev\Voder2017\Windows-Depends\lib\libglew32.lib : warning LNK4272: library machine type 'x64' conflicts with target machine type 'x86'
F:\Dev\Voder2017\Windows-Depends\lib\glfw3.lib : warning LNK4272: library machine type 'x64' conflicts with target machine type 'x86'
Windows-bin\Debug\Win32\Voder2017.exe : fatal error LNK1120: 16 unresolved externals
